[{"line":2,"uri":"file:src/main/resources/Login.feature","id":"login-function-test","keyword":"Feature","name":"Login function test","description":"Description: login should pass with valid credentials","elements":[{"line":4,"type":"background","keyword":"Background","name":"","description":"","steps":[{"keyword":"Given ","line":5,"match":{"location":"com.cucumber.bdd.login.StepDef.open_chrome()"},"name":"open chrome","result":{"duration":3081734700,"status":"passed"}},{"keyword":"And ","line":6,"match":{"location":"com.cucumber.bdd.login.StepDef.go_to_app_link()"},"name":"go to app link","result":{"duration":317141700,"status":"passed"}}]},{"start_timestamp":"2025-11-24T16:19:19.509Z","line":9,"id":"login-function-test;check-login-function-with-valid-credentials","type":"scenario","keyword":"Scenario","name":"check login function with valid credentials","description":"","steps":[{"keyword":"When ","line":10,"match":{"location":"com.cucumber.bdd.login.StepDef.enter_valid_username()"},"name":"enter valid username","result":{"duration":66823100,"status":"failed","error_message":"org.openqa.selenium.NoSuchElementException: no such element: Unable to locate element: {\"method\":\"xpath\",\"selector\":\"//*[@id='username']\"}\n  (Session info: chrome=142.0.7444.176)\nFor documentation on this error, please visit: https://www.selenium.dev/documentation/webdriver/troubleshooting/errors#nosuchelementexception\nBuild info: version: '4.38.0', revision: '6b412e825c*'\nSystem info: os.name: 'Windows 10', os.arch: 'amd64', os.version: '10.0', java.version: '25.0.1'\nDriver info: org.openqa.selenium.chrome.ChromeDriver\nCommand: [ad7c5ec18b9930850dd1d7d68159b92f, findElement {using=xpath, value=//*[@id='username']}]\nCapabilities {acceptInsecureCerts: false, browserName: chrome, browserVersion: 142.0.7444.176, chrome: {chromedriverVersion: 142.0.7444.175 (302067f14a4..., userDataDir: C:\\Users\\Queenie\\AppData\\Lo...}, fedcm:accounts: true, goog:chromeOptions: {debuggerAddress: localhost:51194}, goog:processID: 22592, networkConnectionEnabled: false, pageLoadStrategy: normal, platformName: windows, proxy: Proxy(), se:cdp: ws://localhost:51194/devtoo..., se:cdpVersion: 142.0.7444.176, setWindowRect: true, strictFileInteractability: false, timeouts: {implicit: 0, pageLoad: 300000, script: 30000}, unhandledPromptBehavior: dismiss and notify, webauthn:extension:credBlob: true, webauthn:extension:largeBlob: true, webauthn:extension:minPinLength: true, webauthn:extension:prf: true, webauthn:virtualAuthenticators: true}\nSession ID: ad7c5ec18b9930850dd1d7d68159b92f\r\n\tat java.base/jdk.internal.reflect.DirectConstructorHandleAccessor.newInstance(DirectConstructorHandleAccessor.java:62)\r\n\tat java.base/java.lang.reflect.Constructor.newInstanceWithCaller(Constructor.java:499)\r\n\tat java.base/java.lang.reflect.Constructor.newInstance(Constructor.java:483)\r\n\tat org.openqa.selenium.remote.ErrorCodec.decode(ErrorCodec.java:167)\r\n\tat org.openqa.selenium.remote.codec.w3c.W3CHttpResponseCodec.decode(W3CHttpResponseCodec.java:138)\r\n\tat org.openqa.selenium.remote.codec.w3c.W3CHttpResponseCodec.decode(W3CHttpResponseCodec.java:50)\r\n\tat org.openqa.selenium.remote.HttpCommandExecutor.execute(HttpCommandExecutor.java:215)\r\n\tat org.openqa.selenium.remote.service.DriverCommandExecutor.invokeExecute(DriverCommandExecutor.java:216)\r\n\tat org.openqa.selenium.remote.service.DriverCommandExecutor.execute(DriverCommandExecutor.java:174)\r\n\tat org.openqa.selenium.remote.RemoteWebDriver.execute(RemoteWebDriver.java:557)\r\n\tat org.openqa.selenium.remote.ElementLocation$ElementFinder$2.findElement(ElementLocation.java:165)\r\n\tat org.openqa.selenium.remote.ElementLocation.findElement(ElementLocation.java:59)\r\n\tat org.openqa.selenium.remote.RemoteWebDriver.findElement(RemoteWebDriver.java:380)\r\n\tat org.openqa.selenium.remote.RemoteWebDriver.findElement(RemoteWebDriver.java:374)\r\n\tat com.cucumber.bdd.login.StepDef.enter_valid_username(StepDef.java:29)\r\n\tat ✽.enter valid username(file:///C:/Users/Queenie/eclipse-workspace/smart_banking/./src/main/resources/Login.feature:10)\r\n"}},{"keyword":"And ","line":11,"match":{"location":"com.cucumber.bdd.login.StepDef.enter_valid_password()"},"name":"enter valid password","result":{"status":"skipped"}},{"keyword":"And ","line":12,"match":{"location":"com.cucumber.bdd.login.StepDef.click_login_button()"},"name":"click login button","result":{"status":"skipped"}},{"keyword":"Then ","line":13,"match":{"location":"com.cucumber.bdd.login.StepDef.login_should_pass_and_there_should_be_logout_button_visible()"},"name":"login should pass and there should be logout button visible","result":{"status":"skipped"}}],"tags":[{"name":"@Smoke"},{"name":"@Function"},{"name":"@Regression"},{"name":"@Positive"},{"name":"@SB-11"}]},{"line":4,"type":"background","keyword":"Background","name":"","description":"","steps":[{"keyword":"Given ","line":5,"match":{"location":"com.cucumber.bdd.login.StepDef.open_chrome()"},"name":"open chrome","result":{"duration":1326339300,"status":"passed"}},{"keyword":"And ","line":6,"match":{"location":"com.cucumber.bdd.login.StepDef.go_to_app_link()"},"name":"go to app link","result":{"duration":339094200,"status":"passed"}}]},{"start_timestamp":"2025-11-24T16:19:23.034Z","line":16,"id":"login-function-test;check-login-function-with-invalid-credentials","type":"scenario","keyword":"Scenario","name":"check login function with invalid credentials","description":"","steps":[{"keyword":"When ","line":17,"match":{"location":"com.cucumber.bdd.login.StepDef.enter_invalid_username()"},"name":"enter invalid username","result":{"duration":38895700,"status":"failed","error_message":"org.openqa.selenium.NoSuchElementException: no such element: Unable to locate element: {\"method\":\"xpath\",\"selector\":\"//*[@id='username']\"}\n  (Session info: chrome=142.0.7444.176)\nFor documentation on this error, please visit: https://www.selenium.dev/documentation/webdriver/troubleshooting/errors#nosuchelementexception\nBuild info: version: '4.38.0', revision: '6b412e825c*'\nSystem info: os.name: 'Windows 10', os.arch: 'amd64', os.version: '10.0', java.version: '25.0.1'\nDriver info: org.openqa.selenium.chrome.ChromeDriver\nCommand: [e19aad55c73ec6508fcc6e071ca78346, findElement {using=xpath, value=//*[@id='username']}]\nCapabilities {acceptInsecureCerts: false, browserName: chrome, browserVersion: 142.0.7444.176, chrome: {chromedriverVersion: 142.0.7444.175 (302067f14a4..., userDataDir: C:\\Users\\Queenie\\AppData\\Lo...}, fedcm:accounts: true, goog:chromeOptions: {debuggerAddress: localhost:51211}, goog:processID: 30844, networkConnectionEnabled: false, pageLoadStrategy: normal, platformName: windows, proxy: Proxy(), se:cdp: ws://localhost:51211/devtoo..., se:cdpVersion: 142.0.7444.176, setWindowRect: true, strictFileInteractability: false, timeouts: {implicit: 0, pageLoad: 300000, script: 30000}, unhandledPromptBehavior: dismiss and notify, webauthn:extension:credBlob: true, webauthn:extension:largeBlob: true, webauthn:extension:minPinLength: true, webauthn:extension:prf: true, webauthn:virtualAuthenticators: true}\nSession ID: e19aad55c73ec6508fcc6e071ca78346\r\n\tat java.base/jdk.internal.reflect.DirectConstructorHandleAccessor.newInstance(DirectConstructorHandleAccessor.java:62)\r\n\tat java.base/java.lang.reflect.Constructor.newInstanceWithCaller(Constructor.java:499)\r\n\tat java.base/java.lang.reflect.Constructor.newInstance(Constructor.java:483)\r\n\tat org.openqa.selenium.remote.ErrorCodec.decode(ErrorCodec.java:167)\r\n\tat org.openqa.selenium.remote.codec.w3c.W3CHttpResponseCodec.decode(W3CHttpResponseCodec.java:138)\r\n\tat org.openqa.selenium.remote.codec.w3c.W3CHttpResponseCodec.decode(W3CHttpResponseCodec.java:50)\r\n\tat org.openqa.selenium.remote.HttpCommandExecutor.execute(HttpCommandExecutor.java:215)\r\n\tat org.openqa.selenium.remote.service.DriverCommandExecutor.invokeExecute(DriverCommandExecutor.java:216)\r\n\tat org.openqa.selenium.remote.service.DriverCommandExecutor.execute(DriverCommandExecutor.java:174)\r\n\tat org.openqa.selenium.remote.RemoteWebDriver.execute(RemoteWebDriver.java:557)\r\n\tat org.openqa.selenium.remote.ElementLocation$ElementFinder$2.findElement(ElementLocation.java:165)\r\n\tat org.openqa.selenium.remote.ElementLocation.findElement(ElementLocation.java:59)\r\n\tat org.openqa.selenium.remote.RemoteWebDriver.findElement(RemoteWebDriver.java:380)\r\n\tat org.openqa.selenium.remote.RemoteWebDriver.findElement(RemoteWebDriver.java:374)\r\n\tat com.cucumber.bdd.login.StepDef.enter_invalid_username(StepDef.java:52)\r\n\tat ✽.enter invalid username(file:///C:/Users/Queenie/eclipse-workspace/smart_banking/./src/main/resources/Login.feature:17)\r\n"}},{"keyword":"And ","line":18,"match":{"location":"com.cucumber.bdd.login.StepDef.enter_invalid_password()"},"name":"enter invalid password","result":{"status":"skipped"}},{"keyword":"And ","line":19,"match":{"location":"com.cucumber.bdd.login.StepDef.click_login_button()"},"name":"click login button","result":{"status":"skipped"}},{"keyword":"Then ","line":20,"match":{"location":"com.cucumber.bdd.login.StepDef.login_fails_and_no_logout_button()"},"name":"login fails and no logout button","result":{"status":"skipped"}}],"tags":[{"name":"@Smoke"},{"name":"@Function"},{"name":"@Regression"},{"name":"@Negative"},{"name":"@SB-19"}]},{"line":4,"type":"background","keyword":"Background","name":"","description":"","steps":[{"keyword":"Given ","line":5,"match":{"location":"com.cucumber.bdd.login.StepDef.open_chrome()"},"name":"open chrome","result":{"duration":1885160500,"status":"passed"}},{"keyword":"And ","line":6,"match":{"location":"com.cucumber.bdd.login.StepDef.go_to_app_link()"},"name":"go to app link","result":{"duration":480714600,"status":"passed"}}]},{"start_timestamp":"2025-11-24T16:19:24.754Z","line":23,"id":"login-function-test;check-login-function-with-empty-credentials","type":"scenario","keyword":"Scenario","name":"check login function with empty credentials","description":"","steps":[{"keyword":"When ","line":24,"match":{"location":"com.cucumber.bdd.login.StepDef.click_login_button()"},"name":"click login button","result":{"duration":54852300,"status":"failed","error_message":"org.openqa.selenium.NoSuchElementException: no such element: Unable to locate element: {\"method\":\"xpath\",\"selector\":\"//*[@value='Login']\"}\n  (Session info: chrome=142.0.7444.176)\nFor documentation on this error, please visit: https://www.selenium.dev/documentation/webdriver/troubleshooting/errors#nosuchelementexception\nBuild info: version: '4.38.0', revision: '6b412e825c*'\nSystem info: os.name: 'Windows 10', os.arch: 'amd64', os.version: '10.0', java.version: '25.0.1'\nDriver info: org.openqa.selenium.chrome.ChromeDriver\nCommand: [0a74ca02f93954c3ae1e6dcf2b61ce85, findElement {using=xpath, value=//*[@value='Login']}]\nCapabilities {acceptInsecureCerts: false, browserName: chrome, browserVersion: 142.0.7444.176, chrome: {chromedriverVersion: 142.0.7444.175 (302067f14a4..., userDataDir: C:\\Users\\Queenie\\AppData\\Lo...}, fedcm:accounts: true, goog:chromeOptions: {debuggerAddress: localhost:51227}, goog:processID: 22784, networkConnectionEnabled: false, pageLoadStrategy: normal, platformName: windows, proxy: Proxy(), se:cdp: ws://localhost:51227/devtoo..., se:cdpVersion: 142.0.7444.176, setWindowRect: true, strictFileInteractability: false, timeouts: {implicit: 0, pageLoad: 300000, script: 30000}, unhandledPromptBehavior: dismiss and notify, webauthn:extension:credBlob: true, webauthn:extension:largeBlob: true, webauthn:extension:minPinLength: true, webauthn:extension:prf: true, webauthn:virtualAuthenticators: true}\nSession ID: 0a74ca02f93954c3ae1e6dcf2b61ce85\r\n\tat java.base/jdk.internal.reflect.DirectConstructorHandleAccessor.newInstance(DirectConstructorHandleAccessor.java:62)\r\n\tat java.base/java.lang.reflect.Constructor.newInstanceWithCaller(Constructor.java:499)\r\n\tat java.base/java.lang.reflect.Constructor.newInstance(Constructor.java:483)\r\n\tat org.openqa.selenium.remote.ErrorCodec.decode(ErrorCodec.java:167)\r\n\tat org.openqa.selenium.remote.codec.w3c.W3CHttpResponseCodec.decode(W3CHttpResponseCodec.java:138)\r\n\tat org.openqa.selenium.remote.codec.w3c.W3CHttpResponseCodec.decode(W3CHttpResponseCodec.java:50)\r\n\tat org.openqa.selenium.remote.HttpCommandExecutor.execute(HttpCommandExecutor.java:215)\r\n\tat org.openqa.selenium.remote.service.DriverCommandExecutor.invokeExecute(DriverCommandExecutor.java:216)\r\n\tat org.openqa.selenium.remote.service.DriverCommandExecutor.execute(DriverCommandExecutor.java:174)\r\n\tat org.openqa.selenium.remote.RemoteWebDriver.execute(RemoteWebDriver.java:557)\r\n\tat org.openqa.selenium.remote.ElementLocation$ElementFinder$2.findElement(ElementLocation.java:165)\r\n\tat org.openqa.selenium.remote.ElementLocation.findElement(ElementLocation.java:59)\r\n\tat org.openqa.selenium.remote.RemoteWebDriver.findElement(RemoteWebDriver.java:380)\r\n\tat org.openqa.selenium.remote.RemoteWebDriver.findElement(RemoteWebDriver.java:374)\r\n\tat com.cucumber.bdd.login.StepDef.click_login_button(StepDef.java:39)\r\n\tat ✽.click login button(file:///C:/Users/Queenie/eclipse-workspace/smart_banking/./src/main/resources/Login.feature:24)\r\n"}},{"keyword":"Then ","line":25,"match":{"location":"com.cucumber.bdd.login.StepDef.login_fails_and_no_logout_button()"},"name":"login fails and no logout button","result":{"status":"skipped"}}],"tags":[{"name":"@Smoke"},{"name":"@Function"},{"name":"@Regression"},{"name":"@Negative"},{"name":"@SB-13"}]},{"line":4,"type":"background","keyword":"Background","name":"","description":"","steps":[{"keyword":"Given ","line":5,"match":{"location":"com.cucumber.bdd.login.StepDef.open_chrome()"},"name":"open chrome","result":{"duration":1921468200,"status":"passed"}},{"keyword":"And ","line":6,"match":{"location":"com.cucumber.bdd.login.StepDef.go_to_app_link()"},"name":"go to app link","result":{"duration":372400600,"status":"passed"}}]},{"start_timestamp":"2025-11-24T16:19:27.187Z","line":28,"id":"login-function-test;check-login-function-with-invalid-username-and-valid-password","type":"scenario","keyword":"Scenario","name":"check login function with invalid username and valid password","description":"","steps":[{"keyword":"When ","line":29,"match":{"location":"com.cucumber.bdd.login.StepDef.enter_invalid_username()"},"name":"enter invalid username","result":{"duration":50884300,"status":"failed","error_message":"org.openqa.selenium.NoSuchElementException: no such element: Unable to locate element: {\"method\":\"xpath\",\"selector\":\"//*[@id='username']\"}\n  (Session info: chrome=142.0.7444.176)\nFor documentation on this error, please visit: https://www.selenium.dev/documentation/webdriver/troubleshooting/errors#nosuchelementexception\nBuild info: version: '4.38.0', revision: '6b412e825c*'\nSystem info: os.name: 'Windows 10', os.arch: 'amd64', os.version: '10.0', java.version: '25.0.1'\nDriver info: org.openqa.selenium.chrome.ChromeDriver\nCommand: [945550a3d8d5ec88d92a9824fe415a31, findElement {using=xpath, value=//*[@id='username']}]\nCapabilities {acceptInsecureCerts: false, browserName: chrome, browserVersion: 142.0.7444.176, chrome: {chromedriverVersion: 142.0.7444.175 (302067f14a4..., userDataDir: C:\\Users\\Queenie\\AppData\\Lo...}, fedcm:accounts: true, goog:chromeOptions: {debuggerAddress: localhost:51245}, goog:processID: 18440, networkConnectionEnabled: false, pageLoadStrategy: normal, platformName: windows, proxy: Proxy(), se:cdp: ws://localhost:51245/devtoo..., se:cdpVersion: 142.0.7444.176, setWindowRect: true, strictFileInteractability: false, timeouts: {implicit: 0, pageLoad: 300000, script: 30000}, unhandledPromptBehavior: dismiss and notify, webauthn:extension:credBlob: true, webauthn:extension:largeBlob: true, webauthn:extension:minPinLength: true, webauthn:extension:prf: true, webauthn:virtualAuthenticators: true}\nSession ID: 945550a3d8d5ec88d92a9824fe415a31\r\n\tat java.base/jdk.internal.reflect.DirectConstructorHandleAccessor.newInstance(DirectConstructorHandleAccessor.java:62)\r\n\tat java.base/java.lang.reflect.Constructor.newInstanceWithCaller(Constructor.java:499)\r\n\tat java.base/java.lang.reflect.Constructor.newInstance(Constructor.java:483)\r\n\tat org.openqa.selenium.remote.ErrorCodec.decode(ErrorCodec.java:167)\r\n\tat org.openqa.selenium.remote.codec.w3c.W3CHttpResponseCodec.decode(W3CHttpResponseCodec.java:138)\r\n\tat org.openqa.selenium.remote.codec.w3c.W3CHttpResponseCodec.decode(W3CHttpResponseCodec.java:50)\r\n\tat org.openqa.selenium.remote.HttpCommandExecutor.execute(HttpCommandExecutor.java:215)\r\n\tat org.openqa.selenium.remote.service.DriverCommandExecutor.invokeExecute(DriverCommandExecutor.java:216)\r\n\tat org.openqa.selenium.remote.service.DriverCommandExecutor.execute(DriverCommandExecutor.java:174)\r\n\tat org.openqa.selenium.remote.RemoteWebDriver.execute(RemoteWebDriver.java:557)\r\n\tat org.openqa.selenium.remote.ElementLocation$ElementFinder$2.findElement(ElementLocation.java:165)\r\n\tat org.openqa.selenium.remote.ElementLocation.findElement(ElementLocation.java:59)\r\n\tat org.openqa.selenium.remote.RemoteWebDriver.findElement(RemoteWebDriver.java:380)\r\n\tat org.openqa.selenium.remote.RemoteWebDriver.findElement(RemoteWebDriver.java:374)\r\n\tat com.cucumber.bdd.login.StepDef.enter_invalid_username(StepDef.java:52)\r\n\tat ✽.enter invalid username(file:///C:/Users/Queenie/eclipse-workspace/smart_banking/./src/main/resources/Login.feature:29)\r\n"}},{"keyword":"And ","line":30,"match":{"location":"com.cucumber.bdd.login.StepDef.enter_valid_password()"},"name":"enter valid password","result":{"status":"skipped"}},{"keyword":"And ","line":31,"match":{"location":"com.cucumber.bdd.login.StepDef.click_login_button()"},"name":"click login button","result":{"status":"skipped"}},{"keyword":"Then ","line":32,"match":{"location":"com.cucumber.bdd.login.StepDef.login_fails_and_no_logout_button()"},"name":"login fails and no logout button","result":{"status":"skipped"}}],"tags":[{"name":"@Smoke"},{"name":"@Function"},{"name":"@Regression"},{"name":"@Negative"},{"name":"@SB-17"}]},{"line":4,"type":"background","keyword":"Background","name":"","description":"","steps":[{"keyword":"Given ","line":5,"match":{"location":"com.cucumber.bdd.login.StepDef.open_chrome()"},"name":"open chrome","result":{"duration":2035337500,"status":"passed"}},{"keyword":"And ","line":6,"match":{"location":"com.cucumber.bdd.login.StepDef.go_to_app_link()"},"name":"go to app link","result":{"duration":434169000,"status":"passed"}}]},{"start_timestamp":"2025-11-24T16:19:29.540Z","line":35,"id":"login-function-test;check-login-function-with-empty-username-and-valid-password","type":"scenario","keyword":"Scenario","name":"check login function with empty username and valid password","description":"","steps":[{"keyword":"When ","line":36,"match":{"location":"com.cucumber.bdd.login.StepDef.enter_valid_password()"},"name":"enter valid password","result":{"duration":70481300,"status":"failed","error_message":"org.openqa.selenium.NoSuchElementException: no such element: Unable to locate element: {\"method\":\"xpath\",\"selector\":\"//*[@id='password']\"}\n  (Session info: chrome=142.0.7444.176)\nFor documentation on this error, please visit: https://www.selenium.dev/documentation/webdriver/troubleshooting/errors#nosuchelementexception\nBuild info: version: '4.38.0', revision: '6b412e825c*'\nSystem info: os.name: 'Windows 10', os.arch: 'amd64', os.version: '10.0', java.version: '25.0.1'\nDriver info: org.openqa.selenium.chrome.ChromeDriver\nCommand: [12f612599db7ab47cd203aa849383c34, findElement {using=xpath, value=//*[@id='password']}]\nCapabilities {acceptInsecureCerts: false, browserName: chrome, browserVersion: 142.0.7444.176, chrome: {chromedriverVersion: 142.0.7444.175 (302067f14a4..., userDataDir: C:\\Users\\Queenie\\AppData\\Lo...}, fedcm:accounts: true, goog:chromeOptions: {debuggerAddress: localhost:51264}, goog:processID: 31344, networkConnectionEnabled: false, pageLoadStrategy: normal, platformName: windows, proxy: Proxy(), se:cdp: ws://localhost:51264/devtoo..., se:cdpVersion: 142.0.7444.176, setWindowRect: true, strictFileInteractability: false, timeouts: {implicit: 0, pageLoad: 300000, script: 30000}, unhandledPromptBehavior: dismiss and notify, webauthn:extension:credBlob: true, webauthn:extension:largeBlob: true, webauthn:extension:minPinLength: true, webauthn:extension:prf: true, webauthn:virtualAuthenticators: true}\nSession ID: 12f612599db7ab47cd203aa849383c34\r\n\tat java.base/jdk.internal.reflect.DirectConstructorHandleAccessor.newInstance(DirectConstructorHandleAccessor.java:62)\r\n\tat java.base/java.lang.reflect.Constructor.newInstanceWithCaller(Constructor.java:499)\r\n\tat java.base/java.lang.reflect.Constructor.newInstance(Constructor.java:483)\r\n\tat org.openqa.selenium.remote.ErrorCodec.decode(ErrorCodec.java:167)\r\n\tat org.openqa.selenium.remote.codec.w3c.W3CHttpResponseCodec.decode(W3CHttpResponseCodec.java:138)\r\n\tat org.openqa.selenium.remote.codec.w3c.W3CHttpResponseCodec.decode(W3CHttpResponseCodec.java:50)\r\n\tat org.openqa.selenium.remote.HttpCommandExecutor.execute(HttpCommandExecutor.java:215)\r\n\tat org.openqa.selenium.remote.service.DriverCommandExecutor.invokeExecute(DriverCommandExecutor.java:216)\r\n\tat org.openqa.selenium.remote.service.DriverCommandExecutor.execute(DriverCommandExecutor.java:174)\r\n\tat org.openqa.selenium.remote.RemoteWebDriver.execute(RemoteWebDriver.java:557)\r\n\tat org.openqa.selenium.remote.ElementLocation$ElementFinder$2.findElement(ElementLocation.java:165)\r\n\tat org.openqa.selenium.remote.ElementLocation.findElement(ElementLocation.java:59)\r\n\tat org.openqa.selenium.remote.RemoteWebDriver.findElement(RemoteWebDriver.java:380)\r\n\tat org.openqa.selenium.remote.RemoteWebDriver.findElement(RemoteWebDriver.java:374)\r\n\tat com.cucumber.bdd.login.StepDef.enter_valid_password(StepDef.java:34)\r\n\tat ✽.enter valid password(file:///C:/Users/Queenie/eclipse-workspace/smart_banking/./src/main/resources/Login.feature:36)\r\n"}},{"keyword":"And ","line":37,"match":{"location":"com.cucumber.bdd.login.StepDef.click_login_button()"},"name":"click login button","result":{"status":"skipped"}},{"keyword":"Then ","line":38,"match":{"location":"com.cucumber.bdd.login.StepDef.login_fails_and_no_logout_button()"},"name":"login fails and no logout button","result":{"status":"skipped"}}],"tags":[{"name":"@Smoke"},{"name":"@Function"},{"name":"@Regression"},{"name":"@Negative"},{"name":"@SB-15"}]},{"line":4,"type":"background","keyword":"Background","name":"","description":"","steps":[{"keyword":"Given ","line":5,"match":{"location":"com.cucumber.bdd.login.StepDef.open_chrome()"},"name":"open chrome","result":{"duration":1919527200,"status":"passed"}},{"keyword":"And ","line":6,"match":{"location":"com.cucumber.bdd.login.StepDef.go_to_app_link()"},"name":"go to app link","result":{"duration":343085700,"status":"passed"}}]},{"start_timestamp":"2025-11-24T16:19:32.088Z","line":41,"id":"login-function-test;check-login-function-with-valid-username-and-invalid-password","type":"scenario","keyword":"Scenario","name":"check login function with valid username and invalid password","description":"","steps":[{"keyword":"When ","line":42,"match":{"location":"com.cucumber.bdd.login.StepDef.enter_valid_username()"},"name":"enter valid username","result":{"duration":54851100,"status":"failed","error_message":"org.openqa.selenium.NoSuchElementException: no such element: Unable to locate element: {\"method\":\"xpath\",\"selector\":\"//*[@id='username']\"}\n  (Session info: chrome=142.0.7444.176)\nFor documentation on this error, please visit: https://www.selenium.dev/documentation/webdriver/troubleshooting/errors#nosuchelementexception\nBuild info: version: '4.38.0', revision: '6b412e825c*'\nSystem info: os.name: 'Windows 10', os.arch: 'amd64', os.version: '10.0', java.version: '25.0.1'\nDriver info: org.openqa.selenium.chrome.ChromeDriver\nCommand: [18d0b6c70c12d47bfbe15a7c65851cda, findElement {using=xpath, value=//*[@id='username']}]\nCapabilities {acceptInsecureCerts: false, browserName: chrome, browserVersion: 142.0.7444.176, chrome: {chromedriverVersion: 142.0.7444.175 (302067f14a4..., userDataDir: C:\\Users\\Queenie\\AppData\\Lo...}, fedcm:accounts: true, goog:chromeOptions: {debuggerAddress: localhost:51285}, goog:processID: 32048, networkConnectionEnabled: false, pageLoadStrategy: normal, platformName: windows, proxy: Proxy(), se:cdp: ws://localhost:51285/devtoo..., se:cdpVersion: 142.0.7444.176, setWindowRect: true, strictFileInteractability: false, timeouts: {implicit: 0, pageLoad: 300000, script: 30000}, unhandledPromptBehavior: dismiss and notify, webauthn:extension:credBlob: true, webauthn:extension:largeBlob: true, webauthn:extension:minPinLength: true, webauthn:extension:prf: true, webauthn:virtualAuthenticators: true}\nSession ID: 18d0b6c70c12d47bfbe15a7c65851cda\r\n\tat java.base/jdk.internal.reflect.DirectConstructorHandleAccessor.newInstance(DirectConstructorHandleAccessor.java:62)\r\n\tat java.base/java.lang.reflect.Constructor.newInstanceWithCaller(Constructor.java:499)\r\n\tat java.base/java.lang.reflect.Constructor.newInstance(Constructor.java:483)\r\n\tat org.openqa.selenium.remote.ErrorCodec.decode(ErrorCodec.java:167)\r\n\tat org.openqa.selenium.remote.codec.w3c.W3CHttpResponseCodec.decode(W3CHttpResponseCodec.java:138)\r\n\tat org.openqa.selenium.remote.codec.w3c.W3CHttpResponseCodec.decode(W3CHttpResponseCodec.java:50)\r\n\tat org.openqa.selenium.remote.HttpCommandExecutor.execute(HttpCommandExecutor.java:215)\r\n\tat org.openqa.selenium.remote.service.DriverCommandExecutor.invokeExecute(DriverCommandExecutor.java:216)\r\n\tat org.openqa.selenium.remote.service.DriverCommandExecutor.execute(DriverCommandExecutor.java:174)\r\n\tat org.openqa.selenium.remote.RemoteWebDriver.execute(RemoteWebDriver.java:557)\r\n\tat org.openqa.selenium.remote.ElementLocation$ElementFinder$2.findElement(ElementLocation.java:165)\r\n\tat org.openqa.selenium.remote.ElementLocation.findElement(ElementLocation.java:59)\r\n\tat org.openqa.selenium.remote.RemoteWebDriver.findElement(RemoteWebDriver.java:380)\r\n\tat org.openqa.selenium.remote.RemoteWebDriver.findElement(RemoteWebDriver.java:374)\r\n\tat com.cucumber.bdd.login.StepDef.enter_valid_username(StepDef.java:29)\r\n\tat ✽.enter valid username(file:///C:/Users/Queenie/eclipse-workspace/smart_banking/./src/main/resources/Login.feature:42)\r\n"}},{"keyword":"And ","line":43,"match":{"location":"com.cucumber.bdd.login.StepDef.enter_invalid_password()"},"name":"enter invalid password","result":{"status":"skipped"}},{"keyword":"And ","line":44,"match":{"location":"com.cucumber.bdd.login.StepDef.click_login_button()"},"name":"click login button","result":{"status":"skipped"}},{"keyword":"Then ","line":45,"match":{"location":"com.cucumber.bdd.login.StepDef.login_fails_and_no_logout_button()"},"name":"login fails and no logout button","result":{"status":"skipped"}}],"tags":[{"name":"@Smoke"},{"name":"@Function"},{"name":"@Regression"},{"name":"@Negative"},{"name":"@SB-16"}]},{"line":4,"type":"background","keyword":"Background","name":"","description":"","steps":[{"keyword":"Given ","line":5,"match":{"location":"com.cucumber.bdd.login.StepDef.open_chrome()"},"name":"open chrome","result":{"duration":3149580600,"status":"passed"}},{"keyword":"And ","line":6,"match":{"location":"com.cucumber.bdd.login.StepDef.go_to_app_link()"},"name":"go to app link","result":{"duration":373000100,"status":"passed"}}]},{"start_timestamp":"2025-11-24T16:19:34.414Z","line":48,"id":"login-function-test;check-login-function-with-valid-username-and-empty-password","type":"scenario","keyword":"Scenario","name":"check login function with valid username and empty password","description":"","steps":[{"keyword":"When ","line":49,"match":{"location":"com.cucumber.bdd.login.StepDef.enter_valid_username()"},"name":"enter valid username","result":{"duration":63932800,"status":"failed","error_message":"org.openqa.selenium.NoSuchElementException: no such element: Unable to locate element: {\"method\":\"xpath\",\"selector\":\"//*[@id='username']\"}\n  (Session info: chrome=142.0.7444.176)\nFor documentation on this error, please visit: https://www.selenium.dev/documentation/webdriver/troubleshooting/errors#nosuchelementexception\nBuild info: version: '4.38.0', revision: '6b412e825c*'\nSystem info: os.name: 'Windows 10', os.arch: 'amd64', os.version: '10.0', java.version: '25.0.1'\nDriver info: org.openqa.selenium.chrome.ChromeDriver\nCommand: [675377cc9c62ef0302aecd399e5680f6, findElement {using=xpath, value=//*[@id='username']}]\nCapabilities {acceptInsecureCerts: false, browserName: chrome, browserVersion: 142.0.7444.176, chrome: {chromedriverVersion: 142.0.7444.175 (302067f14a4..., userDataDir: C:\\Users\\Queenie\\AppData\\Lo...}, fedcm:accounts: true, goog:chromeOptions: {debuggerAddress: localhost:51305}, goog:processID: 15800, networkConnectionEnabled: false, pageLoadStrategy: normal, platformName: windows, proxy: Proxy(), se:cdp: ws://localhost:51305/devtoo..., se:cdpVersion: 142.0.7444.176, setWindowRect: true, strictFileInteractability: false, timeouts: {implicit: 0, pageLoad: 300000, script: 30000}, unhandledPromptBehavior: dismiss and notify, webauthn:extension:credBlob: true, webauthn:extension:largeBlob: true, webauthn:extension:minPinLength: true, webauthn:extension:prf: true, webauthn:virtualAuthenticators: true}\nSession ID: 675377cc9c62ef0302aecd399e5680f6\r\n\tat java.base/jdk.internal.reflect.DirectConstructorHandleAccessor.newInstance(DirectConstructorHandleAccessor.java:62)\r\n\tat java.base/java.lang.reflect.Constructor.newInstanceWithCaller(Constructor.java:499)\r\n\tat java.base/java.lang.reflect.Constructor.newInstance(Constructor.java:483)\r\n\tat org.openqa.selenium.remote.ErrorCodec.decode(ErrorCodec.java:167)\r\n\tat org.openqa.selenium.remote.codec.w3c.W3CHttpResponseCodec.decode(W3CHttpResponseCodec.java:138)\r\n\tat org.openqa.selenium.remote.codec.w3c.W3CHttpResponseCodec.decode(W3CHttpResponseCodec.java:50)\r\n\tat org.openqa.selenium.remote.HttpCommandExecutor.execute(HttpCommandExecutor.java:215)\r\n\tat org.openqa.selenium.remote.service.DriverCommandExecutor.invokeExecute(DriverCommandExecutor.java:216)\r\n\tat org.openqa.selenium.remote.service.DriverCommandExecutor.execute(DriverCommandExecutor.java:174)\r\n\tat org.openqa.selenium.remote.RemoteWebDriver.execute(RemoteWebDriver.java:557)\r\n\tat org.openqa.selenium.remote.ElementLocation$ElementFinder$2.findElement(ElementLocation.java:165)\r\n\tat org.openqa.selenium.remote.ElementLocation.findElement(ElementLocation.java:59)\r\n\tat org.openqa.selenium.remote.RemoteWebDriver.findElement(RemoteWebDriver.java:380)\r\n\tat org.openqa.selenium.remote.RemoteWebDriver.findElement(RemoteWebDriver.java:374)\r\n\tat com.cucumber.bdd.login.StepDef.enter_valid_username(StepDef.java:29)\r\n\tat ✽.enter valid username(file:///C:/Users/Queenie/eclipse-workspace/smart_banking/./src/main/resources/Login.feature:49)\r\n"}},{"keyword":"And ","line":50,"match":{"location":"com.cucumber.bdd.login.StepDef.click_login_button()"},"name":"click login button","result":{"status":"skipped"}},{"keyword":"Then ","line":51,"match":{"location":"com.cucumber.bdd.login.StepDef.login_fails_and_no_logout_button()"},"name":"login fails and no logout button","result":{"status":"skipped"}}],"tags":[{"name":"@Smoke"},{"name":"@Function"},{"name":"@Regression"},{"name":"@Negative"},{"name":"@SB-14"}]}],"tags":[{"name":"@Smoke","type":"Tag","location":{"line":1,"column":1}},{"name":"@Function","type":"Tag","location":{"line":1,"column":8}},{"name":"@Regression","type":"Tag","location":{"line":1,"column":18}}]}]