<?xml version="1.0" encoding="UTF-8"?>
<testng-results ignored="0" total="0" passed="0" failed="0" skipped="0">
  <reporter-output>
  </reporter-output>
  <suite started-at="2025-12-10T17:09:42 EST" name="Default suite" finished-at="2025-12-10T17:09:44 EST" duration-ms="1804">
    <groups>
      <group name="cucumber">
        <method signature="AbstractTestNGCucumberTests.runScenario(io.cucumber.testng.PickleWrapper,io.cucumber.testng.FeatureWrapper)[pri:0, instance:com.test.run.TestRun@16d04d3d]" name="runScenario" class="io.cucumber.testng.AbstractTestNGCucumberTests"/>
      </group> <!-- cucumber -->
    </groups>
    <test started-at="2025-12-10T17:09:42 EST" name="Default test" finished-at="2025-12-10T17:09:44 EST" duration-ms="1804">
      <class name="com.test.run.TestRun">
        <test-method is-config="true" signature="setUpClass(org.testng.ITestContext)[pri:0, instance:com.test.run.TestRun@16d04d3d]" started-at="2025-12-10T17:09:42 EST" name="setUpClass" finished-at="2025-12-10T17:09:44 EST" duration-ms="1617" status="PASS">
          <params>
            <param index="0">
              <value>
                <![CDATA[org.testng.TestRunner@6cbcf243]]>
              </value>
            </param>
          </params>
          <reporter-output>
          </reporter-output>
        </test-method> <!-- setUpClass -->
        <test-method is-config="true" signature="tearDownClass()[pri:0, instance:com.test.run.TestRun@16d04d3d]" started-at="2025-12-10T17:09:44 EST" name="tearDownClass" finished-at="2025-12-10T17:09:44 EST" duration-ms="76" status="PASS">
          <reporter-output>
          </reporter-output>
        </test-method> <!-- tearDownClass -->
      </class> <!-- com.test.run.TestRun -->
    </test> <!-- Default test -->
  </suite> <!-- Default suite -->
</testng-results>
