<?xml version="1.0" encoding="UTF-8"?>
<!-- Generated by org.testng.reporters.JUnitReportReporter -->
<testsuite hostname="LAPTOP-0VR0V2U7" failures="0" tests="7" name="com.runner.Runner" time="48.319" errors="0" timestamp="2025-11-13T20:20:18 EST" skipped="0">
  <testcase classname="com.runner.Runner" name="runScenario" time="5.942"/>
  <testcase classname="com.runner.Runner" name="runScenario" time="5.775"/>
  <testcase classname="com.runner.Runner" name="runScenario" time="5.365"/>
  <testcase classname="com.runner.Runner" name="runScenario" time="10.182"/>
  <testcase classname="com.runner.Runner" name="runScenario" time="5.376"/>
  <testcase classname="com.runner.Runner" name="runScenario" time="9.346"/>
  <testcase classname="com.runner.Runner" name="runScenario" time="6.333"/>
</testsuite> <!-- com.runner.Runner -->
