<?xml version="1.0" encoding="UTF-8"?>
<!-- Generated by org.testng.reporters.JUnitReportReporter -->
<testsuite hostname="LAPTOP-0VR0V2U7" failures="0" tests="7" name="com.runner.Runner" time="17.535" errors="0" timestamp="2025-11-24T11:22:59 EST" skipped="0">
  <testcase classname="com.runner.Runner" name="runScenario" time="2.184"/>
  <testcase classname="com.runner.Runner" name="runScenario" time="2.444"/>
  <testcase classname="com.runner.Runner" name="runScenario" time="2.363"/>
  <testcase classname="com.runner.Runner" name="runScenario" time="3.787"/>
  <testcase classname="com.runner.Runner" name="runScenario" time="2.039"/>
  <testcase classname="com.runner.Runner" name="runScenario" time="2.278"/>
  <testcase classname="com.runner.Runner" name="runScenario" time="2.440"/>
</testsuite> <!-- com.runner.Runner -->
